[0m[[0m[0mdebug[0m] [0m[0m> Exec(graalvm-native-image:packageBin, Some(35efacab-e0c3-4c91-8473-756cdb0e2bb5), Some(CommandSource(console0)))[0m
[0m[[0m[0mdebug[0m] [0m[0mEvaluating tasks: flags / Graalvm-native-image / packageBin, cliParser / Graalvm-native-image / packageBin, Graalvm-native-image / packageBin[0m
[0m[[0m[0mdebug[0m] [0m[0mRunning task... Cancel: Signal, check cycles: false, forcegc: true[0m
[0m[[0m[0minfo[0m] [0m[0mWrote /home/knoldus/IdeaProjects/Scaladevil/target/scala-2.13/scaladevil_2.13-0.1.pom[0m
[0m[[0m[0minfo[0m] [0m[0mWrote /home/knoldus/IdeaProjects/Scaladevil/flags/target/scala-2.12/flags_2.12-0.1.0-SNAPSHOT.pom[0m
[0m[[0m[0minfo[0m] [0m[0mWrote /home/knoldus/IdeaProjects/Scaladevil/cliParser/target/scala-2.12/cliparser_2.12-0.1.0-SNAPSHOT.pom[0m
[0m[[0m[0minfo[0m] [0m[0mMain Scala API documentation to /home/knoldus/IdeaProjects/Scaladevil/cliParser/target/scala-2.12/api...[0m
[0m[[0m[0minfo[0m] [0m[0mcompiling 1 Scala source to /home/knoldus/IdeaProjects/Scaladevil/cliParser/target/scala-2.12/classes ...[0m
[0m[[0m[0minfo[0m] [0m[0mMain Scala API documentation successful.[0m
[0m[[0m[31merror[0m] [0m[0mjava.lang.RuntimeException: Could not find a main class.[0m
[0m[[0m[31merror[0m] [0m[0m	at scala.sys.package$.error(package.scala:30)[0m
[0m[[0m[31merror[0m] [0m[0m	at com.typesafe.sbt.packager.graalvmnativeimage.GraalVMNativeImagePlugin$.$anonfun$scopedSettings$8(GraalVMNativeImagePlugin.scala:58)[0m
[0m[[0m[31merror[0m] [0m[0m	at scala.Option.getOrElse(Option.scala:189)[0m
[0m[[0m[31merror[0m] [0m[0m	at com.typesafe.sbt.packager.graalvmnativeimage.GraalVMNativeImagePlugin$.$anonfun$scopedSettings$7(GraalVMNativeImagePlugin.scala:58)[0m
[0m[[0m[31merror[0m] [0m[0m	at scala.Function1.$anonfun$compose$1(Function1.scala:49)[0m
[0m[[0m[31merror[0m] [0m[0m	at sbt.internal.util.$tilde$greater.$anonfun$$u2219$1(TypeFunctions.scala:62)[0m
[0m[[0m[31merror[0m] [0m[0m	at sbt.std.Transform$$anon$4.work(Transform.scala:68)[0m
[0m[[0m[31merror[0m] [0m[0m	at sbt.Execute.$anonfun$submit$2(Execute.scala:282)[0m
[0m[[0m[31merror[0m] [0m[0m	at sbt.internal.util.ErrorHandling$.wideConvert(ErrorHandling.scala:23)[0m
[0m[[0m[31merror[0m] [0m[0m	at sbt.Execute.work(Execute.scala:291)[0m
[0m[[0m[31merror[0m] [0m[0m	at sbt.Execute.$anonfun$submit$1(Execute.scala:282)[0m
[0m[[0m[31merror[0m] [0m[0m	at sbt.ConcurrentRestrictions$$anon$4.$anonfun$submitValid$1(ConcurrentRestrictions.scala:265)[0m
[0m[[0m[31merror[0m] [0m[0m	at sbt.CompletionService$$anon$2.call(CompletionService.scala:64)[0m
[0m[[0m[31merror[0m] [0m[0m	at java.base/java.util.concurrent.FutureTask.run(FutureTask.java:264)[0m
[0m[[0m[31merror[0m] [0m[0m	at java.base/java.util.concurrent.Executors$RunnableAdapter.call(Executors.java:515)[0m
[0m[[0m[31merror[0m] [0m[0m	at java.base/java.util.concurrent.FutureTask.run(FutureTask.java:264)[0m
[0m[[0m[31merror[0m] [0m[0m	at java.base/java.util.concurrent.ThreadPoolExecutor.runWorker(ThreadPoolExecutor.java:1128)[0m
[0m[[0m[31merror[0m] [0m[0m	at java.base/java.util.concurrent.ThreadPoolExecutor$Worker.run(ThreadPoolExecutor.java:628)[0m
[0m[[0m[31merror[0m] [0m[0m	at java.base/java.lang.Thread.run(Thread.java:834)[0m
[0m[[0m[31merror[0m] [0m[0mjava.io.IOException: Cannot run program "native-image" (in directory "/home/knoldus/IdeaProjects/Scaladevil/cliParser/target/graalvm-native-image"): error=2, No such file or directory[0m
[0m[[0m[31merror[0m] [0m[0m	at java.base/java.lang.ProcessBuilder.start(ProcessBuilder.java:1128)[0m
[0m[[0m[31merror[0m] [0m[0m	at java.base/java.lang.ProcessBuilder.start(ProcessBuilder.java:1071)[0m
[0m[[0m[31merror[0m] [0m[0m	at scala.sys.process.ProcessBuilderImpl$Simple.run(ProcessBuilderImpl.scala:75)[0m
[0m[[0m[31merror[0m] [0m[0m	at scala.sys.process.ProcessBuilderImpl$AbstractBuilder.run(ProcessBuilderImpl.scala:106)[0m
[0m[[0m[31merror[0m] [0m[0m	at scala.sys.process.ProcessBuilderImpl$AbstractBuilder.$anonfun$runBuffered$1(ProcessBuilderImpl.scala:154)[0m
[0m[[0m[31merror[0m] [0m[0m	at scala.runtime.java8.JFunction0$mcI$sp.apply(JFunction0$mcI$sp.java:23)[0m
[0m[[0m[31merror[0m] [0m[0m	at sbt.internal.util.BufferedLogger.buffer(BufferedLogger.scala:151)[0m
[0m[[0m[31merror[0m] [0m[0m	at scala.sys.process.ProcessBuilderImpl$AbstractBuilder.runBuffered(ProcessBuilderImpl.scala:154)[0m
[0m[[0m[31merror[0m] [0m[0m	at scala.sys.process.ProcessBuilderImpl$AbstractBuilder.$bang(ProcessBuilderImpl.scala:120)[0m
[0m[[0m[31merror[0m] [0m[0m	at com.typesafe.sbt.packager.graalvmnativeimage.GraalVMNativeImagePlugin$.buildLocal(GraalVMNativeImagePlugin.scala:102)[0m
[0m[[0m[31merror[0m] [0m[0m	at com.typesafe.sbt.packager.graalvmnativeimage.GraalVMNativeImagePlugin$.$anonfun$scopedSettings$7(GraalVMNativeImagePlugin.scala:68)[0m
[0m[[0m[31merror[0m] [0m[0m	at scala.Function1.$anonfun$compose$1(Function1.scala:49)[0m
[0m[[0m[31merror[0m] [0m[0m	at sbt.internal.util.$tilde$greater.$anonfun$$u2219$1(TypeFunctions.scala:62)[0m
[0m[[0m[31merror[0m] [0m[0m	at sbt.std.Transform$$anon$4.work(Transform.scala:68)[0m
[0m[[0m[31merror[0m] [0m[0m	at sbt.Execute.$anonfun$submit$2(Execute.scala:282)[0m
[0m[[0m[31merror[0m] [0m[0m	at sbt.internal.util.ErrorHandling$.wideConvert(ErrorHandling.scala:23)[0m
[0m[[0m[31merror[0m] [0m[0m	at sbt.Execute.work(Execute.scala:291)[0m
[0m[[0m[31merror[0m] [0m[0m	at sbt.Execute.$anonfun$submit$1(Execute.scala:282)[0m
[0m[[0m[31merror[0m] [0m[0m	at sbt.ConcurrentRestrictions$$anon$4.$anonfun$submitValid$1(ConcurrentRestrictions.scala:265)[0m
[0m[[0m[31merror[0m] [0m[0m	at sbt.CompletionService$$anon$2.call(CompletionService.scala:64)[0m
[0m[[0m[31merror[0m] [0m[0m	at java.base/java.util.concurrent.FutureTask.run(FutureTask.java:264)[0m
[0m[[0m[31merror[0m] [0m[0m	at java.base/java.util.concurrent.Executors$RunnableAdapter.call(Executors.java:515)[0m
[0m[[0m[31merror[0m] [0m[0m	at java.base/java.util.concurrent.FutureTask.run(FutureTask.java:264)[0m
[0m[[0m[31merror[0m] [0m[0m	at java.base/java.util.concurrent.ThreadPoolExecutor.runWorker(ThreadPoolExecutor.java:1128)[0m
[0m[[0m[31merror[0m] [0m[0m	at java.base/java.util.concurrent.ThreadPoolExecutor$Worker.run(ThreadPoolExecutor.java:628)[0m
[0m[[0m[31merror[0m] [0m[0m	at java.base/java.lang.Thread.run(Thread.java:834)[0m
[0m[[0m[31merror[0m] [0m[0mCaused by: java.io.IOException: error=2, No such file or directory[0m
[0m[[0m[31merror[0m] [0m[0m	at java.base/java.lang.ProcessImpl.forkAndExec(Native Method)[0m
[0m[[0m[31merror[0m] [0m[0m	at java.base/java.lang.ProcessImpl.<init>(ProcessImpl.java:340)[0m
[0m[[0m[31merror[0m] [0m[0m	at java.base/java.lang.ProcessImpl.start(ProcessImpl.java:271)[0m
[0m[[0m[31merror[0m] [0m[0m	at java.base/java.lang.ProcessBuilder.start(ProcessBuilder.java:1107)[0m
[0m[[0m[31merror[0m] [0m[0m	at java.base/java.lang.ProcessBuilder.start(ProcessBuilder.java:1071)[0m
[0m[[0m[31merror[0m] [0m[0m	at scala.sys.process.ProcessBuilderImpl$Simple.run(ProcessBuilderImpl.scala:75)[0m
[0m[[0m[31merror[0m] [0m[0m	at scala.sys.process.ProcessBuilderImpl$AbstractBuilder.run(ProcessBuilderImpl.scala:106)[0m
[0m[[0m[31merror[0m] [0m[0m	at scala.sys.process.ProcessBuilderImpl$AbstractBuilder.$anonfun$runBuffered$1(ProcessBuilderImpl.scala:154)[0m
[0m[[0m[31merror[0m] [0m[0m	at scala.runtime.java8.JFunction0$mcI$sp.apply(JFunction0$mcI$sp.java:23)[0m
[0m[[0m[31merror[0m] [0m[0m	at sbt.internal.util.BufferedLogger.buffer(BufferedLogger.scala:151)[0m
[0m[[0m[31merror[0m] [0m[0m	at scala.sys.process.ProcessBuilderImpl$AbstractBuilder.runBuffered(ProcessBuilderImpl.scala:154)[0m
[0m[[0m[31merror[0m] [0m[0m	at scala.sys.process.ProcessBuilderImpl$AbstractBuilder.$bang(ProcessBuilderImpl.scala:120)[0m
[0m[[0m[31merror[0m] [0m[0m	at com.typesafe.sbt.packager.graalvmnativeimage.GraalVMNativeImagePlugin$.buildLocal(GraalVMNativeImagePlugin.scala:102)[0m
[0m[[0m[31merror[0m] [0m[0m	at com.typesafe.sbt.packager.graalvmnativeimage.GraalVMNativeImagePlugin$.$anonfun$scopedSettings$7(GraalVMNativeImagePlugin.scala:68)[0m
[0m[[0m[31merror[0m] [0m[0m	at scala.Function1.$anonfun$compose$1(Function1.scala:49)[0m
[0m[[0m[31merror[0m] [0m[0m	at sbt.internal.util.$tilde$greater.$anonfun$$u2219$1(TypeFunctions.scala:62)[0m
[0m[[0m[31merror[0m] [0m[0m	at sbt.std.Transform$$anon$4.work(Transform.scala:68)[0m
[0m[[0m[31merror[0m] [0m[0m	at sbt.Execute.$anonfun$submit$2(Execute.scala:282)[0m
[0m[[0m[31merror[0m] [0m[0m	at sbt.internal.util.ErrorHandling$.wideConvert(ErrorHandling.scala:23)[0m
[0m[[0m[31merror[0m] [0m[0m	at sbt.Execute.work(Execute.scala:291)[0m
[0m[[0m[31merror[0m] [0m[0m	at sbt.Execute.$anonfun$submit$1(Execute.scala:282)[0m
[0m[[0m[31merror[0m] [0m[0m	at sbt.ConcurrentRestrictions$$anon$4.$anonfun$submitValid$1(ConcurrentRestrictions.scala:265)[0m
[0m[[0m[31merror[0m] [0m[0m	at sbt.CompletionService$$anon$2.call(CompletionService.scala:64)[0m
[0m[[0m[31merror[0m] [0m[0m	at java.base/java.util.concurrent.FutureTask.run(FutureTask.java:264)[0m
[0m[[0m[31merror[0m] [0m[0m	at java.base/java.util.concurrent.Executors$RunnableAdapter.call(Executors.java:515)[0m
[0m[[0m[31merror[0m] [0m[0m	at java.base/java.util.concurrent.FutureTask.run(FutureTask.java:264)[0m
[0m[[0m[31merror[0m] [0m[0m	at java.base/java.util.concurrent.ThreadPoolExecutor.runWorker(ThreadPoolExecutor.java:1128)[0m
[0m[[0m[31merror[0m] [0m[0m	at java.base/java.util.concurrent.ThreadPoolExecutor$Worker.run(ThreadPoolExecutor.java:628)[0m
[0m[[0m[31merror[0m] [0m[0m	at java.base/java.lang.Thread.run(Thread.java:834)[0m
[0m[[0m[31merror[0m] [0m[0mjava.lang.RuntimeException: Could not find a main class.[0m
[0m[[0m[31merror[0m] [0m[0m	at scala.sys.package$.error(package.scala:30)[0m
[0m[[0m[31merror[0m] [0m[0m	at com.typesafe.sbt.packager.graalvmnativeimage.GraalVMNativeImagePlugin$.$anonfun$scopedSettings$8(GraalVMNativeImagePlugin.scala:58)[0m
[0m[[0m[31merror[0m] [0m[0m	at scala.Option.getOrElse(Option.scala:189)[0m
[0m[[0m[31merror[0m] [0m[0m	at com.typesafe.sbt.packager.graalvmnativeimage.GraalVMNativeImagePlugin$.$anonfun$scopedSettings$7(GraalVMNativeImagePlugin.scala:58)[0m
[0m[[0m[31merror[0m] [0m[0m	at scala.Function1.$anonfun$compose$1(Function1.scala:49)[0m
[0m[[0m[31merror[0m] [0m[0m	at sbt.internal.util.$tilde$greater.$anonfun$$u2219$1(TypeFunctions.scala:62)[0m
[0m[[0m[31merror[0m] [0m[0m	at sbt.std.Transform$$anon$4.work(Transform.scala:68)[0m
[0m[[0m[31merror[0m] [0m[0m	at sbt.Execute.$anonfun$submit$2(Execute.scala:282)[0m
[0m[[0m[31merror[0m] [0m[0m	at sbt.internal.util.ErrorHandling$.wideConvert(ErrorHandling.scala:23)[0m
[0m[[0m[31merror[0m] [0m[0m	at sbt.Execute.work(Execute.scala:291)[0m
[0m[[0m[31merror[0m] [0m[0m	at sbt.Execute.$anonfun$submit$1(Execute.scala:282)[0m
[0m[[0m[31merror[0m] [0m[0m	at sbt.ConcurrentRestrictions$$anon$4.$anonfun$submitValid$1(ConcurrentRestrictions.scala:265)[0m
[0m[[0m[31merror[0m] [0m[0m	at sbt.CompletionService$$anon$2.call(CompletionService.scala:64)[0m
[0m[[0m[31merror[0m] [0m[0m	at java.base/java.util.concurrent.FutureTask.run(FutureTask.java:264)[0m
[0m[[0m[31merror[0m] [0m[0m	at java.base/java.util.concurrent.Executors$RunnableAdapter.call(Executors.java:515)[0m
[0m[[0m[31merror[0m] [0m[0m	at java.base/java.util.concurrent.FutureTask.run(FutureTask.java:264)[0m
[0m[[0m[31merror[0m] [0m[0m	at java.base/java.util.concurrent.ThreadPoolExecutor.runWorker(ThreadPoolExecutor.java:1128)[0m
[0m[[0m[31merror[0m] [0m[0m	at java.base/java.util.concurrent.ThreadPoolExecutor$Worker.run(ThreadPoolExecutor.java:628)[0m
[0m[[0m[31merror[0m] [0m[0m	at java.base/java.lang.Thread.run(Thread.java:834)[0m
[0m[[0m[31merror[0m] [0m[0m(flags / Graalvm-native-image / [31mpackageBin[0m) Could not find a main class.[0m
[0m[[0m[31merror[0m] [0m[0m(cliParser / Graalvm-native-image / [31mpackageBin[0m) java.io.IOException: Cannot run program "native-image" (in directory "/home/knoldus/IdeaProjects/Scaladevil/cliParser/target/graalvm-native-image"): error=2, No such file or directory[0m
[0m[[0m[31merror[0m] [0m[0m(Graalvm-native-image / [31mpackageBin[0m) Could not find a main class.[0m
[0m[[0m[31merror[0m] [0m[0mTotal time: 4 s, completed 07-Mar-2021, 3:32:49 AM[0m
[0m[[0m[0mdebug[0m] [0m[0m> Exec(shell, None, None)[0m
