<?xml version='1.0' encoding='UTF-8'?>
<testsuite hostname="knoldus-Vostro-3590" name="com.knoldus.CliparserTest" tests="11" errors="0" failures="0" skipped="0" time="0.023" timestamp="2021-03-07T14:55:59">
                     <properties>
[...]
</properties>
                     <testcase classname="com.knoldus.CliparserTest" name="--help should always return a pay contains details about all the flags" time="0.018">
                                                 
                                               </testcase><testcase classname="com.knoldus.CliparserTest" name="--help should not return a () in any case" time="0.0">
                                                 
                                               </testcase><testcase classname="com.knoldus.CliparserTest" name="-s should always return $ for printing" time="0.0">
                                                 
                                               </testcase><testcase classname="com.knoldus.CliparserTest" name="-s should not return anything other than $" time="0.0">
                                                 
                                               </testcase><testcase classname="com.knoldus.CliparserTest" name="-a should always return @ for printing" time="0.001">
                                                 
                                               </testcase><testcase classname="com.knoldus.CliparserTest" name="-a should not return anything other than @" time="0.0">
                                                 
                                               </testcase><testcase classname="com.knoldus.CliparserTest" name="-k should always return * for printing" time="0.0">
                                                 
                                               </testcase><testcase classname="com.knoldus.CliparserTest" name="-k should never return unit()" time="0.0">
                                                 
                                               </testcase><testcase classname="com.knoldus.CliparserTest" name="-i should always return ! for printing" time="0.001">
                                                 
                                               </testcase><testcase classname="com.knoldus.CliparserTest" name="-i should never return ! for printing" time="0.0">
                                                 
                                               </testcase><testcase classname="com.knoldus.CliparserTest" name="If any wrong flag is passed it should always gives exception and return '^' Character" time="0.003">
                                                 
                                               </testcase>
                     <system-out><![CDATA[]]></system-out>
                     <system-err><![CDATA[]]></system-err>
                   </testsuite>